  [1m[35m (96.6ms)[0m  [1m[35mCREATE DATABASE "skeddit_development" ENCODING = 'unicode'[0m
  ↳ bin/rails:9
  [1m[35m (83.0ms)[0m  [1m[35mCREATE DATABASE "skeddit_test" ENCODING = 'unicode'[0m
  ↳ bin/rails:9
  [1m[35m (11.3ms)[0m  [1m[35mCREATE TABLE "schema_migrations" ("version" character varying NOT NULL PRIMARY KEY)[0m
  ↳ bin/rails:9
  [1m[35m (4.7ms)[0m  [1m[35mCREATE TABLE "ar_internal_metadata" ("key" character varying NOT NULL PRIMARY KEY, "value" character varying, "created_at" timestamp NOT NULL, "updated_at" timestamp NOT NULL)[0m
  ↳ bin/rails:9
  [1m[35m (0.3ms)[0m  [1m[34mSELECT pg_try_advisory_lock(156812304107410140)[0m
  ↳ bin/rails:9
  [1m[35m (0.7ms)[0m  [1m[34mSELECT "schema_migrations"."version" FROM "schema_migrations" ORDER BY "schema_migrations"."version" ASC[0m
  ↳ bin/rails:9
Migrating to CreateUsers (20220318153157)
  [1m[35m (0.2ms)[0m  [1m[35mBEGIN[0m
  ↳ bin/rails:9
  [1m[35m (51.1ms)[0m  [1m[35mCREATE TABLE "users" ("id" bigserial primary key, "username" character varying NOT NULL, "session_token" character varying NOT NULL, "password_digest" character varying NOT NULL, "created_at" timestamp NOT NULL, "updated_at" timestamp NOT NULL)[0m
  ↳ db/migrate/20220318153157_create_users.rb:3
  [1m[35m (2.6ms)[0m  [1m[35mCREATE  INDEX  "index_users_on_session_token" ON "users"  ("session_token")[0m
  ↳ db/migrate/20220318153157_create_users.rb:10
  [1m[36mActiveRecord::SchemaMigration Create (2.3ms)[0m  [1m[32mINSERT INTO "schema_migrations" ("version") VALUES ($1) RETURNING "version"[0m  [["version", "20220318153157"]]
  ↳ bin/rails:9
  [1m[35m (1.2ms)[0m  [1m[35mCOMMIT[0m
  ↳ bin/rails:9
  [1m[36mActiveRecord::InternalMetadata Load (0.6ms)[0m  [1m[34mSELECT  "ar_internal_metadata".* FROM "ar_internal_metadata" WHERE "ar_internal_metadata"."key" = $1 LIMIT $2[0m  [["key", "environment"], ["LIMIT", 1]]
  ↳ bin/rails:9
  [1m[35m (0.2ms)[0m  [1m[35mBEGIN[0m
  ↳ bin/rails:9
  [1m[36mActiveRecord::InternalMetadata Create (0.7ms)[0m  [1m[32mINSERT INTO "ar_internal_metadata" ("key", "value", "created_at", "updated_at") VALUES ($1, $2, $3, $4) RETURNING "key"[0m  [["key", "environment"], ["value", "development"], ["created_at", "2022-03-18 15:35:19.172974"], ["updated_at", "2022-03-18 15:35:19.172974"]]
  ↳ bin/rails:9
  [1m[35m (0.4ms)[0m  [1m[35mCOMMIT[0m
  ↳ bin/rails:9
  [1m[35m (0.3ms)[0m  [1m[34mSELECT pg_advisory_unlock(156812304107410140)[0m
  ↳ bin/rails:9
  [1m[35m (0.5ms)[0m  [1m[34mSELECT "schema_migrations"."version" FROM "schema_migrations" ORDER BY "schema_migrations"."version" ASC[0m
  ↳ bin/rails:9
  [1m[35m (0.3ms)[0m  [1m[34mSELECT "schema_migrations"."version" FROM "schema_migrations" ORDER BY "schema_migrations"."version" ASC[0m
  ↳ bin/rails:9
  [1m[35m (0.5ms)[0m  [1m[34mSELECT "ar_internal_metadata"."value" FROM "ar_internal_metadata" WHERE "ar_internal_metadata"."key" = $1[0m  [["key", "environment"]]
  ↳ bin/rails:9
  [1m[35m (0.3ms)[0m  [1m[34mSELECT "schema_migrations"."version" FROM "schema_migrations" ORDER BY "schema_migrations"."version" ASC[0m
  ↳ bin/rails:9
  [1m[35m (0.3ms)[0m  [1m[34mSELECT "ar_internal_metadata"."value" FROM "ar_internal_metadata" WHERE "ar_internal_metadata"."key" = $1[0m  [["key", "environment"]]
  ↳ bin/rails:9
  [1m[35m (0.3ms)[0m  [1m[34mSELECT "schema_migrations"."version" FROM "schema_migrations" ORDER BY "schema_migrations"."version" ASC[0m
  ↳ bin/rails:9
  [1m[35m (0.3ms)[0m  [1m[34mSELECT "ar_internal_metadata"."value" FROM "ar_internal_metadata" WHERE "ar_internal_metadata"."key" = $1[0m  [["key", "environment"]]
  ↳ bin/rails:9
  [1m[35m (93.2ms)[0m  [1m[35mDROP DATABASE IF EXISTS "skeddit_test"[0m
  ↳ bin/rails:9
  [1m[35m (138.8ms)[0m  [1m[35mCREATE DATABASE "skeddit_test" ENCODING = 'unicode'[0m
  ↳ bin/rails:9
  [1m[35mSQL (0.8ms)[0m  [1m[35mCREATE EXTENSION IF NOT EXISTS "plpgsql"[0m
  ↳ db/schema.rb:16
  [1m[35m (0.6ms)[0m  [1m[35mDROP TABLE IF EXISTS "users" CASCADE[0m
  ↳ db/schema.rb:18
  [1m[35m (17.7ms)[0m  [1m[35mCREATE TABLE "users" ("id" bigserial primary key, "username" character varying NOT NULL, "session_token" character varying NOT NULL, "password_digest" character varying NOT NULL, "created_at" timestamp NOT NULL, "updated_at" timestamp NOT NULL)[0m
  ↳ db/schema.rb:18
  [1m[35m (3.2ms)[0m  [1m[35mCREATE  INDEX  "index_users_on_session_token" ON "users"  ("session_token")[0m
  ↳ db/schema.rb:18
  [1m[35m (6.8ms)[0m  [1m[35mCREATE TABLE "schema_migrations" ("version" character varying NOT NULL PRIMARY KEY)[0m
  ↳ db/schema.rb:13
  [1m[35m (1.6ms)[0m  [1m[34mSELECT "schema_migrations"."version" FROM "schema_migrations" ORDER BY "schema_migrations"."version" ASC[0m
  ↳ db/schema.rb:13
  [1m[35m (1.3ms)[0m  [1m[32mINSERT INTO "schema_migrations" (version) VALUES (20220318153157)[0m
  ↳ db/schema.rb:13
  [1m[35m (7.0ms)[0m  [1m[35mCREATE TABLE "ar_internal_metadata" ("key" character varying NOT NULL PRIMARY KEY, "value" character varying, "created_at" timestamp NOT NULL, "updated_at" timestamp NOT NULL)[0m
  ↳ db/schema.rb:13
  [1m[36mActiveRecord::InternalMetadata Load (0.9ms)[0m  [1m[34mSELECT  "ar_internal_metadata".* FROM "ar_internal_metadata" WHERE "ar_internal_metadata"."key" = $1 LIMIT $2[0m  [["key", "environment"], ["LIMIT", 1]]
  ↳ db/schema.rb:13
  [1m[35m (0.2ms)[0m  [1m[35mBEGIN[0m
  ↳ db/schema.rb:13
  [1m[36mActiveRecord::InternalMetadata Create (0.9ms)[0m  [1m[32mINSERT INTO "ar_internal_metadata" ("key", "value", "created_at", "updated_at") VALUES ($1, $2, $3, $4) RETURNING "key"[0m  [["key", "environment"], ["value", "development"], ["created_at", "2022-03-18 15:35:19.600981"], ["updated_at", "2022-03-18 15:35:19.600981"]]
  ↳ db/schema.rb:13
  [1m[35m (0.5ms)[0m  [1m[35mCOMMIT[0m
  ↳ db/schema.rb:13
  [1m[36mActiveRecord::InternalMetadata Load (0.5ms)[0m  [1m[34mSELECT  "ar_internal_metadata".* FROM "ar_internal_metadata" WHERE "ar_internal_metadata"."key" = $1 LIMIT $2[0m  [["key", "environment"], ["LIMIT", 1]]
  ↳ bin/rails:9
  [1m[35m (0.3ms)[0m  [1m[35mBEGIN[0m
  ↳ bin/rails:9
  [1m[36mActiveRecord::InternalMetadata Update (0.8ms)[0m  [1m[33mUPDATE "ar_internal_metadata" SET "value" = $1, "updated_at" = $2 WHERE "ar_internal_metadata"."key" = $3[0m  [["value", "test"], ["updated_at", "2022-03-18 15:35:19.611263"], ["key", "environment"]]
  ↳ bin/rails:9
  [1m[35m (0.6ms)[0m  [1m[35mCOMMIT[0m
  ↳ bin/rails:9
  [1m[35m (0.6ms)[0m  [1m[34mSELECT pg_try_advisory_lock(156812304107410140)[0m
  ↳ bin/rails:9
  [1m[35m (1.1ms)[0m  [1m[34mSELECT "schema_migrations"."version" FROM "schema_migrations" ORDER BY "schema_migrations"."version" ASC[0m
  ↳ bin/rails:9
Migrating to IndexAdder (20220318153705)
  [1m[35m (0.3ms)[0m  [1m[35mBEGIN[0m
  ↳ bin/rails:9
  [1m[35m (4.5ms)[0m  [1m[35mCREATE UNIQUE INDEX  "index_users_on_username" ON "users"  ("username")[0m
  ↳ db/migrate/20220318153705_index_adder.rb:3
  [1m[36mActiveRecord::SchemaMigration Create (5.3ms)[0m  [1m[32mINSERT INTO "schema_migrations" ("version") VALUES ($1) RETURNING "version"[0m  [["version", "20220318153705"]]
  ↳ bin/rails:9
  [1m[35m (0.9ms)[0m  [1m[35mCOMMIT[0m
  ↳ bin/rails:9
  [1m[36mActiveRecord::InternalMetadata Load (1.1ms)[0m  [1m[34mSELECT  "ar_internal_metadata".* FROM "ar_internal_metadata" WHERE "ar_internal_metadata"."key" = $1 LIMIT $2[0m  [["key", "environment"], ["LIMIT", 1]]
  ↳ bin/rails:9
  [1m[35m (0.6ms)[0m  [1m[35mBEGIN[0m
  ↳ bin/rails:9
  [1m[35m (0.5ms)[0m  [1m[35mCOMMIT[0m
  ↳ bin/rails:9
  [1m[35m (0.7ms)[0m  [1m[34mSELECT pg_advisory_unlock(156812304107410140)[0m
  ↳ bin/rails:9
  [1m[35m (0.4ms)[0m  [1m[34mSELECT "schema_migrations"."version" FROM "schema_migrations" ORDER BY "schema_migrations"."version" ASC[0m
  ↳ bin/rails:9
  [1m[35m (0.4ms)[0m  [1m[34mSELECT "schema_migrations"."version" FROM "schema_migrations" ORDER BY "schema_migrations"."version" ASC[0m
  ↳ bin/rails:9
  [1m[35m (0.3ms)[0m  [1m[34mSELECT "ar_internal_metadata"."value" FROM "ar_internal_metadata" WHERE "ar_internal_metadata"."key" = $1[0m  [["key", "environment"]]
  ↳ bin/rails:9
  [1m[35m (0.4ms)[0m  [1m[34mSELECT "schema_migrations"."version" FROM "schema_migrations" ORDER BY "schema_migrations"."version" ASC[0m
  ↳ bin/rails:9
  [1m[35m (0.3ms)[0m  [1m[34mSELECT "ar_internal_metadata"."value" FROM "ar_internal_metadata" WHERE "ar_internal_metadata"."key" = $1[0m  [["key", "environment"]]
  ↳ bin/rails:9
  [1m[35m (0.4ms)[0m  [1m[34mSELECT "schema_migrations"."version" FROM "schema_migrations" ORDER BY "schema_migrations"."version" ASC[0m
  ↳ bin/rails:9
  [1m[35m (0.3ms)[0m  [1m[34mSELECT "ar_internal_metadata"."value" FROM "ar_internal_metadata" WHERE "ar_internal_metadata"."key" = $1[0m  [["key", "environment"]]
  ↳ bin/rails:9
  [1m[35m (95.0ms)[0m  [1m[35mDROP DATABASE IF EXISTS "skeddit_test"[0m
  ↳ bin/rails:9
  [1m[35m (371.1ms)[0m  [1m[35mCREATE DATABASE "skeddit_test" ENCODING = 'unicode'[0m
  ↳ bin/rails:9
  [1m[35mSQL (0.8ms)[0m  [1m[35mCREATE EXTENSION IF NOT EXISTS "plpgsql"[0m
  ↳ db/schema.rb:16
  [1m[35m (0.3ms)[0m  [1m[35mDROP TABLE IF EXISTS "users" CASCADE[0m
  ↳ db/schema.rb:18
  [1m[35m (15.4ms)[0m  [1m[35mCREATE TABLE "users" ("id" bigserial primary key, "username" character varying NOT NULL, "session_token" character varying NOT NULL, "password_digest" character varying NOT NULL, "created_at" timestamp NOT NULL, "updated_at" timestamp NOT NULL)[0m
  ↳ db/schema.rb:18
  [1m[35m (5.4ms)[0m  [1m[35mCREATE  INDEX  "index_users_on_session_token" ON "users"  ("session_token")[0m
  ↳ db/schema.rb:18
  [1m[35m (4.5ms)[0m  [1m[35mCREATE UNIQUE INDEX  "index_users_on_username" ON "users"  ("username")[0m
  ↳ db/schema.rb:18
  [1m[35m (8.1ms)[0m  [1m[35mCREATE TABLE "schema_migrations" ("version" character varying NOT NULL PRIMARY KEY)[0m
  ↳ db/schema.rb:13
  [1m[35m (0.9ms)[0m  [1m[34mSELECT "schema_migrations"."version" FROM "schema_migrations" ORDER BY "schema_migrations"."version" ASC[0m
  ↳ db/schema.rb:13
  [1m[35m (3.8ms)[0m  [1m[32mINSERT INTO "schema_migrations" (version) VALUES (20220318153705)[0m
  ↳ db/schema.rb:13
  [1m[35m (1.3ms)[0m  [1m[32mINSERT INTO "schema_migrations" (version) VALUES
(20220318153157);

[0m
  ↳ db/schema.rb:13
  [1m[35m (10.6ms)[0m  [1m[35mCREATE TABLE "ar_internal_metadata" ("key" character varying NOT NULL PRIMARY KEY, "value" character varying, "created_at" timestamp NOT NULL, "updated_at" timestamp NOT NULL)[0m
  ↳ db/schema.rb:13
  [1m[36mActiveRecord::InternalMetadata Load (0.7ms)[0m  [1m[34mSELECT  "ar_internal_metadata".* FROM "ar_internal_metadata" WHERE "ar_internal_metadata"."key" = $1 LIMIT $2[0m  [["key", "environment"], ["LIMIT", 1]]
  ↳ db/schema.rb:13
  [1m[35m (0.2ms)[0m  [1m[35mBEGIN[0m
  ↳ db/schema.rb:13
  [1m[36mActiveRecord::InternalMetadata Create (1.1ms)[0m  [1m[32mINSERT INTO "ar_internal_metadata" ("key", "value", "created_at", "updated_at") VALUES ($1, $2, $3, $4) RETURNING "key"[0m  [["key", "environment"], ["value", "development"], ["created_at", "2022-03-18 15:38:49.225224"], ["updated_at", "2022-03-18 15:38:49.225224"]]
  ↳ db/schema.rb:13
  [1m[35m (1.9ms)[0m  [1m[35mCOMMIT[0m
  ↳ db/schema.rb:13
  [1m[36mActiveRecord::InternalMetadata Load (0.4ms)[0m  [1m[34mSELECT  "ar_internal_metadata".* FROM "ar_internal_metadata" WHERE "ar_internal_metadata"."key" = $1 LIMIT $2[0m  [["key", "environment"], ["LIMIT", 1]]
  ↳ bin/rails:9
  [1m[35m (0.1ms)[0m  [1m[35mBEGIN[0m
  ↳ bin/rails:9
  [1m[36mActiveRecord::InternalMetadata Update (0.8ms)[0m  [1m[33mUPDATE "ar_internal_metadata" SET "value" = $1, "updated_at" = $2 WHERE "ar_internal_metadata"."key" = $3[0m  [["value", "test"], ["updated_at", "2022-03-18 15:38:49.233134"], ["key", "environment"]]
  ↳ bin/rails:9
  [1m[35m (4.4ms)[0m  [1m[35mCOMMIT[0m
  ↳ bin/rails:9
Started GET "/" for ::1 at 2022-03-18 14:58:35 -0400
  [1m[35m (41.2ms)[0m  [1m[34mSELECT "schema_migrations"."version" FROM "schema_migrations" ORDER BY "schema_migrations"."version" ASC[0m
  ↳ /Users/appacademystudent/.rbenv/versions/2.5.1/lib/ruby/gems/2.5.0/gems/activerecord-5.2.7/lib/active_record/log_subscriber.rb:98
Processing by Rails::WelcomeController#index as HTML
  Rendering /Users/appacademystudent/.rbenv/versions/2.5.1/lib/ruby/gems/2.5.0/gems/railties-5.2.7/lib/rails/templates/rails/welcome/index.html.erb
  Rendered /Users/appacademystudent/.rbenv/versions/2.5.1/lib/ruby/gems/2.5.0/gems/railties-5.2.7/lib/rails/templates/rails/welcome/index.html.erb (9.0ms)
Completed 200 OK in 46ms (Views: 28.0ms | ActiveRecord: 0.0ms)


Started GET "/users" for ::1 at 2022-03-18 14:58:45 -0400
Processing by UsersController#index as HTML
Completed 500 Internal Server Error in 36ms (ActiveRecord: 0.0ms)


  
ActionView::MissingTemplate (Missing template users/index, application/index with {:locale=>[:en], :formats=>[:html], :variants=>[], :handlers=>[:raw, :erb, :html, :builder, :ruby, :coffee, :jbuilder]}. Searched in:
  * "/Users/appacademystudent/Desktop/w7d5/skeddit/app/views"
):
  
app/controllers/users_controller.rb:5:in `index'
Started GET "/users/new" for ::1 at 2022-03-18 15:17:48 -0400
Processing by UsersController#new as HTML
Completed 500 Internal Server Error in 133ms (ActiveRecord: 34.7ms)


  
NoMethodError (undefined method `generate_session_token' for #<User:0x00007fc4f0d8f1c8>):
  
app/models/user.rb:13:in `ensure_session_token'
app/controllers/users_controller.rb:9:in `new'
Started GET "/users/new" for ::1 at 2022-03-18 15:18:44 -0400
  [1m[35m (41.9ms)[0m  [1m[34mSELECT "schema_migrations"."version" FROM "schema_migrations" ORDER BY "schema_migrations"."version" ASC[0m
  ↳ /Users/appacademystudent/.rbenv/versions/2.5.1/lib/ruby/gems/2.5.0/gems/activerecord-5.2.7/lib/active_record/log_subscriber.rb:98
Processing by UsersController#new as HTML
Completed 500 Internal Server Error in 71ms (ActiveRecord: 10.5ms)


  
NoMethodError (undefined method `generate_session_token' for #<User:0x00007f845bf99e80>):
  
app/models/user.rb:13:in `ensure_session_token'
app/controllers/users_controller.rb:9:in `new'
Started GET "/users/new" for ::1 at 2022-03-18 15:20:07 -0400
Processing by UsersController#new as HTML
  Rendering users/new.html.erb within layouts/application
  Rendered users/new.html.erb within layouts/application (1.3ms)
Completed 200 OK in 1168ms (Views: 1137.8ms | ActiveRecord: 10.7ms)


Started POST "/users" for ::1 at 2022-03-18 15:20:13 -0400
Processing by UsersController#create as HTML
  Parameters: {"authenticity_token"=>"OxPZ5Kt1UN8Qgt0kcoyIp6W3T8wzZaUKsqelQtRzUGlyh6KdRqzxlak+kaXCUbC3qof3wDO82nUyx2LQdrHRew==", "user"=>{"username"=>"", "password"=>"[FILTERED]"}}
  [1m[35m (0.3ms)[0m  [1m[35mBEGIN[0m
  ↳ app/controllers/users_controller.rb:16
  [1m[36mUser Exists (45.7ms)[0m  [1m[34mSELECT  1 AS one FROM "users" WHERE "users"."username" = $1 LIMIT $2[0m  [["username", ""], ["LIMIT", 1]]
  ↳ app/controllers/users_controller.rb:16
  [1m[36mUser Exists (1.7ms)[0m  [1m[34mSELECT  1 AS one FROM "users" WHERE "users"."session_token" = $1 LIMIT $2[0m  [["session_token", "m0sXMuUElKtlUOv1JWtcMA"], ["LIMIT", 1]]
  ↳ app/controllers/users_controller.rb:16
  [1m[35m (0.9ms)[0m  [1m[31mROLLBACK[0m
  ↳ app/controllers/users_controller.rb:16
Completed 500 Internal Server Error in 744ms (ActiveRecord: 48.6ms)


  
NameError (undefined local variable or method `errors' for #<UsersController:0x00007f8463930fa0>):
  
app/controllers/users_controller.rb:19:in `create'
Started POST "/users" for ::1 at 2022-03-18 15:20:39 -0400
Processing by UsersController#create as HTML
  Parameters: {"authenticity_token"=>"OxPZ5Kt1UN8Qgt0kcoyIp6W3T8wzZaUKsqelQtRzUGlyh6KdRqzxlak+kaXCUbC3qof3wDO82nUyx2LQdrHRew==", "user"=>{"username"=>"", "password"=>"[FILTERED]"}}
  [1m[35m (0.3ms)[0m  [1m[35mBEGIN[0m
  ↳ app/controllers/users_controller.rb:16
  [1m[36mUser Exists (1.1ms)[0m  [1m[34mSELECT  1 AS one FROM "users" WHERE "users"."username" = $1 LIMIT $2[0m  [["username", ""], ["LIMIT", 1]]
  ↳ app/controllers/users_controller.rb:16
  [1m[36mUser Exists (3.9ms)[0m  [1m[34mSELECT  1 AS one FROM "users" WHERE "users"."session_token" = $1 LIMIT $2[0m  [["session_token", "jMFiNhGg5p-a1bdc2-rW6g"], ["LIMIT", 1]]
  ↳ app/controllers/users_controller.rb:16
  [1m[35m (1.5ms)[0m  [1m[31mROLLBACK[0m
  ↳ app/controllers/users_controller.rb:16
  Rendering users/new.html.erb within layouts/application
  Rendered users/new.html.erb within layouts/application (0.8ms)
Completed 200 OK in 463ms (Views: 94.8ms | ActiveRecord: 36.5ms)


Started POST "/users" for ::1 at 2022-03-18 15:21:14 -0400
Processing by UsersController#create as HTML
  Parameters: {"authenticity_token"=>"DFGJxrJORs2vxzEKnq3bmdoUNF+3Cp3vcyyXLJKfhqJFxfK/X5fnhxZ7fYsucOOJ1SSMU7fT4pDzTFC+MF0HsA==", "user"=>{"username"=>"harry_bahl", "password"=>"[FILTERED]"}}
  [1m[35m (0.2ms)[0m  [1m[35mBEGIN[0m
  ↳ app/controllers/users_controller.rb:16
  [1m[36mUser Exists (0.7ms)[0m  [1m[34mSELECT  1 AS one FROM "users" WHERE "users"."username" = $1 LIMIT $2[0m  [["username", "harry_bahl"], ["LIMIT", 1]]
  ↳ app/controllers/users_controller.rb:16
  [1m[36mUser Exists (2.3ms)[0m  [1m[34mSELECT  1 AS one FROM "users" WHERE "users"."session_token" = $1 LIMIT $2[0m  [["session_token", "jqKCD7jydxuO5Hj0xbNIkA"], ["LIMIT", 1]]
  ↳ app/controllers/users_controller.rb:16
  [1m[36mUser Create (13.3ms)[0m  [1m[32mINSERT INTO "users" ("username", "session_token", "password_digest", "created_at", "updated_at") VALUES ($1, $2, $3, $4, $5) RETURNING "id"[0m  [["username", "harry_bahl"], ["session_token", "jqKCD7jydxuO5Hj0xbNIkA"], ["password_digest", "$2a$12$sXvZQPPDY8vQwkbCjzCDJ.vicbTbQykYFKqula2XhhElczV0Ne94S"], ["created_at", "2022-03-18 19:21:14.992847"], ["updated_at", "2022-03-18 19:21:14.992847"]]
  ↳ app/controllers/users_controller.rb:16
  [1m[35m (3.1ms)[0m  [1m[35mCOMMIT[0m
  ↳ app/controllers/users_controller.rb:16
Redirected to http://localhost:3000/users
Completed 302 Found in 419ms (ActiveRecord: 19.7ms)


Started GET "/users" for ::1 at 2022-03-18 15:21:15 -0400
Processing by UsersController#index as HTML
  Rendering users/index.html.erb within layouts/application
  Rendered users/index.html.erb within layouts/application (2.8ms)
Completed 200 OK in 101ms (Views: 91.5ms | ActiveRecord: 0.0ms)


Started GET "/users" for ::1 at 2022-03-18 15:23:28 -0400
Processing by UsersController#index as HTML
  Rendering users/index.html.erb within layouts/application
  Rendered users/index.html.erb within layouts/application (1.0ms)
Completed 200 OK in 88ms (Views: 86.9ms | ActiveRecord: 0.0ms)


Started GET "/users" for ::1 at 2022-03-18 15:25:32 -0400
Processing by UsersController#index as HTML
  Rendering users/index.html.erb within layouts/application
  Rendered users/index.html.erb within layouts/application (0.5ms)
Completed 200 OK in 81ms (Views: 79.0ms | ActiveRecord: 0.0ms)


Started GET "/users" for ::1 at 2022-03-18 15:25:44 -0400
Processing by UsersController#index as HTML
  Rendering users/index.html.erb within layouts/application
  Rendered users/index.html.erb within layouts/application (0.6ms)
Completed 200 OK in 116ms (Views: 114.4ms | ActiveRecord: 0.0ms)


Started GET "/users" for ::1 at 2022-03-18 15:26:07 -0400
Processing by UsersController#index as HTML
  Rendering users/index.html.erb within layouts/application
  Rendered users/index.html.erb within layouts/application (0.5ms)
Completed 200 OK in 123ms (Views: 122.0ms | ActiveRecord: 0.0ms)


Started GET "/users" for ::1 at 2022-03-18 15:26:42 -0400
Processing by UsersController#index as HTML
  Rendering users/index.html.erb within layouts/application
  Rendered users/index.html.erb within layouts/application (0.7ms)
Completed 200 OK in 85ms (Views: 83.5ms | ActiveRecord: 0.0ms)


Started GET "/users" for ::1 at 2022-03-18 15:27:02 -0400
Processing by UsersController#index as HTML
  Rendering users/index.html.erb within layouts/application
  Rendered users/index.html.erb within layouts/application (1.2ms)
Completed 200 OK in 95ms (Views: 93.8ms | ActiveRecord: 0.0ms)


Started GET "/users" for ::1 at 2022-03-18 15:27:04 -0400
Processing by UsersController#index as HTML
  Rendering users/index.html.erb within layouts/application
  Rendered users/index.html.erb within layouts/application (0.6ms)
Completed 200 OK in 82ms (Views: 81.4ms | ActiveRecord: 0.0ms)


Started GET "/users" for ::1 at 2022-03-18 15:27:10 -0400
Processing by UsersController#index as HTML
  Rendering users/index.html.erb within layouts/application
  Rendered users/index.html.erb within layouts/application (1.5ms)
Completed 200 OK in 103ms (Views: 101.3ms | ActiveRecord: 0.0ms)


Started GET "/users" for ::1 at 2022-03-18 15:27:27 -0400
Processing by UsersController#index as HTML
  Rendering users/index.html.erb within layouts/application
  Rendered users/index.html.erb within layouts/application (0.7ms)
Completed 200 OK in 96ms (Views: 94.1ms | ActiveRecord: 0.0ms)


Started GET "/users" for ::1 at 2022-03-18 15:28:55 -0400
Processing by UsersController#index as HTML
  Rendering users/index.html.erb within layouts/application
  Rendered users/index.html.erb within layouts/application (0.6ms)
Completed 200 OK in 108ms (Views: 107.4ms | ActiveRecord: 0.0ms)


Started GET "/users" for ::1 at 2022-03-18 15:29:04 -0400
Processing by UsersController#index as HTML
  Rendering users/index.html.erb within layouts/application
  Rendered users/index.html.erb within layouts/application (0.8ms)
Completed 200 OK in 87ms (Views: 85.3ms | ActiveRecord: 0.0ms)


Started GET "/session/new" for ::1 at 2022-03-18 15:34:25 -0400
Processing by SessionsController#new as HTML
  Rendering sessions/new.html.erb within layouts/application
  Rendered sessions/new.html.erb within layouts/application (1.3ms)
Completed 200 OK in 102ms (Views: 100.3ms | ActiveRecord: 0.0ms)


Started GET "/session" for ::1 at 2022-03-18 15:34:58 -0400
  
ActionController::RoutingError (No route matches [GET] "/session"):
  
actionpack (5.2.7) lib/action_dispatch/middleware/debug_exceptions.rb:65:in `call'
web-console (3.7.0) lib/web_console/middleware.rb:135:in `call_app'
web-console (3.7.0) lib/web_console/middleware.rb:30:in `block in call'
web-console (3.7.0) lib/web_console/middleware.rb:20:in `catch'
web-console (3.7.0) lib/web_console/middleware.rb:20:in `call'
actionpack (5.2.7) lib/action_dispatch/middleware/show_exceptions.rb:33:in `call'
railties (5.2.7) lib/rails/rack/logger.rb:38:in `call_app'
railties (5.2.7) lib/rails/rack/logger.rb:26:in `block in call'
activesupport (5.2.7) lib/active_support/tagged_logging.rb:71:in `block in tagged'
activesupport (5.2.7) lib/active_support/tagged_logging.rb:28:in `tagged'
activesupport (5.2.7) lib/active_support/tagged_logging.rb:71:in `tagged'
railties (5.2.7) lib/rails/rack/logger.rb:26:in `call'
sprockets-rails (3.4.2) lib/sprockets/rails/quiet_assets.rb:13:in `call'
actionpack (5.2.7) lib/action_dispatch/middleware/remote_ip.rb:81:in `call'
actionpack (5.2.7) lib/action_dispatch/middleware/request_id.rb:27:in `call'
rack (2.2.3) lib/rack/method_override.rb:24:in `call'
rack (2.2.3) lib/rack/runtime.rb:22:in `call'
activesupport (5.2.7) lib/active_support/cache/strategy/local_cache_middleware.rb:29:in `call'
actionpack (5.2.7) lib/action_dispatch/middleware/executor.rb:14:in `call'
actionpack (5.2.7) lib/action_dispatch/middleware/static.rb:127:in `call'
rack (2.2.3) lib/rack/sendfile.rb:110:in `call'
railties (5.2.7) lib/rails/engine.rb:524:in `call'
puma (3.12.6) lib/puma/configuration.rb:227:in `call'
puma (3.12.6) lib/puma/server.rb:706:in `handle_request'
puma (3.12.6) lib/puma/server.rb:476:in `process_client'
puma (3.12.6) lib/puma/server.rb:334:in `block in run'
puma (3.12.6) lib/puma/thread_pool.rb:135:in `block in spawn_thread'
Started GET "/session/new" for ::1 at 2022-03-18 15:35:03 -0400
Processing by SessionsController#new as HTML
  Rendering sessions/new.html.erb within layouts/application
  Rendered sessions/new.html.erb within layouts/application (1.5ms)
Completed 200 OK in 116ms (Views: 114.8ms | ActiveRecord: 0.0ms)


Started GET "/session/new" for ::1 at 2022-03-18 15:35:05 -0400
Processing by SessionsController#new as HTML
  Rendering sessions/new.html.erb within layouts/application
  Rendered sessions/new.html.erb within layouts/application (0.9ms)
Completed 200 OK in 83ms (Views: 81.0ms | ActiveRecord: 0.0ms)


Started GET "/session/new" for ::1 at 2022-03-18 15:35:19 -0400
Processing by SessionsController#new as HTML
  Rendering sessions/new.html.erb within layouts/application
  Rendered sessions/new.html.erb within layouts/application (1.0ms)
Completed 200 OK in 118ms (Views: 117.1ms | ActiveRecord: 0.0ms)


Started GET "/session/new" for ::1 at 2022-03-18 15:35:39 -0400
Processing by SessionsController#new as HTML
  Rendering sessions/new.html.erb within layouts/application
  Rendered sessions/new.html.erb within layouts/application (0.7ms)
Completed 200 OK in 95ms (Views: 93.8ms | ActiveRecord: 0.0ms)


Started GET "/session/new" for ::1 at 2022-03-18 15:35:59 -0400
Processing by SessionsController#new as HTML
  Rendering sessions/new.html.erb within layouts/application
  Rendered sessions/new.html.erb within layouts/application (1.1ms)
Completed 200 OK in 94ms (Views: 93.0ms | ActiveRecord: 0.0ms)


Started GET "/session/new" for ::1 at 2022-03-18 15:36:00 -0400
Processing by SessionsController#new as HTML
  Rendering sessions/new.html.erb within layouts/application
  Rendered sessions/new.html.erb within layouts/application (2.0ms)
Completed 200 OK in 94ms (Views: 92.9ms | ActiveRecord: 0.0ms)


Started GET "/session/new" for ::1 at 2022-03-18 15:36:07 -0400
Processing by SessionsController#new as HTML
  Rendering sessions/new.html.erb within layouts/application
  Rendered sessions/new.html.erb within layouts/application (1.0ms)
Completed 200 OK in 100ms (Views: 98.5ms | ActiveRecord: 0.0ms)


Started POST "/session/new" for ::1 at 2022-03-18 15:36:21 -0400
  
ActionController::RoutingError (No route matches [POST] "/session/new"):
  
actionpack (5.2.7) lib/action_dispatch/middleware/debug_exceptions.rb:65:in `call'
web-console (3.7.0) lib/web_console/middleware.rb:135:in `call_app'
web-console (3.7.0) lib/web_console/middleware.rb:30:in `block in call'
web-console (3.7.0) lib/web_console/middleware.rb:20:in `catch'
web-console (3.7.0) lib/web_console/middleware.rb:20:in `call'
actionpack (5.2.7) lib/action_dispatch/middleware/show_exceptions.rb:33:in `call'
railties (5.2.7) lib/rails/rack/logger.rb:38:in `call_app'
railties (5.2.7) lib/rails/rack/logger.rb:26:in `block in call'
activesupport (5.2.7) lib/active_support/tagged_logging.rb:71:in `block in tagged'
activesupport (5.2.7) lib/active_support/tagged_logging.rb:28:in `tagged'
activesupport (5.2.7) lib/active_support/tagged_logging.rb:71:in `tagged'
railties (5.2.7) lib/rails/rack/logger.rb:26:in `call'
sprockets-rails (3.4.2) lib/sprockets/rails/quiet_assets.rb:13:in `call'
actionpack (5.2.7) lib/action_dispatch/middleware/remote_ip.rb:81:in `call'
actionpack (5.2.7) lib/action_dispatch/middleware/request_id.rb:27:in `call'
rack (2.2.3) lib/rack/method_override.rb:24:in `call'
rack (2.2.3) lib/rack/runtime.rb:22:in `call'
activesupport (5.2.7) lib/active_support/cache/strategy/local_cache_middleware.rb:29:in `call'
actionpack (5.2.7) lib/action_dispatch/middleware/executor.rb:14:in `call'
actionpack (5.2.7) lib/action_dispatch/middleware/static.rb:127:in `call'
rack (2.2.3) lib/rack/sendfile.rb:110:in `call'
railties (5.2.7) lib/rails/engine.rb:524:in `call'
puma (3.12.6) lib/puma/configuration.rb:227:in `call'
puma (3.12.6) lib/puma/server.rb:706:in `handle_request'
puma (3.12.6) lib/puma/server.rb:476:in `process_client'
puma (3.12.6) lib/puma/server.rb:334:in `block in run'
puma (3.12.6) lib/puma/thread_pool.rb:135:in `block in spawn_thread'
Started POST "/session/new" for ::1 at 2022-03-18 15:36:58 -0400
  
ActionController::RoutingError (No route matches [POST] "/session/new"):
  
actionpack (5.2.7) lib/action_dispatch/middleware/debug_exceptions.rb:65:in `call'
web-console (3.7.0) lib/web_console/middleware.rb:135:in `call_app'
web-console (3.7.0) lib/web_console/middleware.rb:30:in `block in call'
web-console (3.7.0) lib/web_console/middleware.rb:20:in `catch'
web-console (3.7.0) lib/web_console/middleware.rb:20:in `call'
actionpack (5.2.7) lib/action_dispatch/middleware/show_exceptions.rb:33:in `call'
railties (5.2.7) lib/rails/rack/logger.rb:38:in `call_app'
railties (5.2.7) lib/rails/rack/logger.rb:26:in `block in call'
activesupport (5.2.7) lib/active_support/tagged_logging.rb:71:in `block in tagged'
activesupport (5.2.7) lib/active_support/tagged_logging.rb:28:in `tagged'
activesupport (5.2.7) lib/active_support/tagged_logging.rb:71:in `tagged'
railties (5.2.7) lib/rails/rack/logger.rb:26:in `call'
sprockets-rails (3.4.2) lib/sprockets/rails/quiet_assets.rb:13:in `call'
actionpack (5.2.7) lib/action_dispatch/middleware/remote_ip.rb:81:in `call'
actionpack (5.2.7) lib/action_dispatch/middleware/request_id.rb:27:in `call'
rack (2.2.3) lib/rack/method_override.rb:24:in `call'
rack (2.2.3) lib/rack/runtime.rb:22:in `call'
activesupport (5.2.7) lib/active_support/cache/strategy/local_cache_middleware.rb:29:in `call'
actionpack (5.2.7) lib/action_dispatch/middleware/executor.rb:14:in `call'
actionpack (5.2.7) lib/action_dispatch/middleware/static.rb:127:in `call'
rack (2.2.3) lib/rack/sendfile.rb:110:in `call'
railties (5.2.7) lib/rails/engine.rb:524:in `call'
puma (3.12.6) lib/puma/configuration.rb:227:in `call'
puma (3.12.6) lib/puma/server.rb:706:in `handle_request'
puma (3.12.6) lib/puma/server.rb:476:in `process_client'
puma (3.12.6) lib/puma/server.rb:334:in `block in run'
puma (3.12.6) lib/puma/thread_pool.rb:135:in `block in spawn_thread'
Started POST "/session/new" for ::1 at 2022-03-18 15:37:04 -0400
  
ActionController::RoutingError (No route matches [POST] "/session/new"):
  
actionpack (5.2.7) lib/action_dispatch/middleware/debug_exceptions.rb:65:in `call'
web-console (3.7.0) lib/web_console/middleware.rb:135:in `call_app'
web-console (3.7.0) lib/web_console/middleware.rb:30:in `block in call'
web-console (3.7.0) lib/web_console/middleware.rb:20:in `catch'
web-console (3.7.0) lib/web_console/middleware.rb:20:in `call'
actionpack (5.2.7) lib/action_dispatch/middleware/show_exceptions.rb:33:in `call'
railties (5.2.7) lib/rails/rack/logger.rb:38:in `call_app'
railties (5.2.7) lib/rails/rack/logger.rb:26:in `block in call'
activesupport (5.2.7) lib/active_support/tagged_logging.rb:71:in `block in tagged'
activesupport (5.2.7) lib/active_support/tagged_logging.rb:28:in `tagged'
activesupport (5.2.7) lib/active_support/tagged_logging.rb:71:in `tagged'
railties (5.2.7) lib/rails/rack/logger.rb:26:in `call'
sprockets-rails (3.4.2) lib/sprockets/rails/quiet_assets.rb:13:in `call'
actionpack (5.2.7) lib/action_dispatch/middleware/remote_ip.rb:81:in `call'
actionpack (5.2.7) lib/action_dispatch/middleware/request_id.rb:27:in `call'
rack (2.2.3) lib/rack/method_override.rb:24:in `call'
rack (2.2.3) lib/rack/runtime.rb:22:in `call'
activesupport (5.2.7) lib/active_support/cache/strategy/local_cache_middleware.rb:29:in `call'
actionpack (5.2.7) lib/action_dispatch/middleware/executor.rb:14:in `call'
actionpack (5.2.7) lib/action_dispatch/middleware/static.rb:127:in `call'
rack (2.2.3) lib/rack/sendfile.rb:110:in `call'
railties (5.2.7) lib/rails/engine.rb:524:in `call'
puma (3.12.6) lib/puma/configuration.rb:227:in `call'
puma (3.12.6) lib/puma/server.rb:706:in `handle_request'
puma (3.12.6) lib/puma/server.rb:476:in `process_client'
puma (3.12.6) lib/puma/server.rb:334:in `block in run'
puma (3.12.6) lib/puma/thread_pool.rb:135:in `block in spawn_thread'
Started POST "/session/new" for ::1 at 2022-03-18 15:38:05 -0400
  
ActionController::RoutingError (No route matches [POST] "/session/new"):
  
actionpack (5.2.7) lib/action_dispatch/middleware/debug_exceptions.rb:65:in `call'
web-console (3.7.0) lib/web_console/middleware.rb:135:in `call_app'
web-console (3.7.0) lib/web_console/middleware.rb:30:in `block in call'
web-console (3.7.0) lib/web_console/middleware.rb:20:in `catch'
web-console (3.7.0) lib/web_console/middleware.rb:20:in `call'
actionpack (5.2.7) lib/action_dispatch/middleware/show_exceptions.rb:33:in `call'
railties (5.2.7) lib/rails/rack/logger.rb:38:in `call_app'
railties (5.2.7) lib/rails/rack/logger.rb:26:in `block in call'
activesupport (5.2.7) lib/active_support/tagged_logging.rb:71:in `block in tagged'
activesupport (5.2.7) lib/active_support/tagged_logging.rb:28:in `tagged'
activesupport (5.2.7) lib/active_support/tagged_logging.rb:71:in `tagged'
railties (5.2.7) lib/rails/rack/logger.rb:26:in `call'
sprockets-rails (3.4.2) lib/sprockets/rails/quiet_assets.rb:13:in `call'
actionpack (5.2.7) lib/action_dispatch/middleware/remote_ip.rb:81:in `call'
actionpack (5.2.7) lib/action_dispatch/middleware/request_id.rb:27:in `call'
rack (2.2.3) lib/rack/method_override.rb:24:in `call'
rack (2.2.3) lib/rack/runtime.rb:22:in `call'
activesupport (5.2.7) lib/active_support/cache/strategy/local_cache_middleware.rb:29:in `call'
actionpack (5.2.7) lib/action_dispatch/middleware/executor.rb:14:in `call'
actionpack (5.2.7) lib/action_dispatch/middleware/static.rb:127:in `call'
rack (2.2.3) lib/rack/sendfile.rb:110:in `call'
railties (5.2.7) lib/rails/engine.rb:524:in `call'
puma (3.12.6) lib/puma/configuration.rb:227:in `call'
puma (3.12.6) lib/puma/server.rb:706:in `handle_request'
puma (3.12.6) lib/puma/server.rb:476:in `process_client'
puma (3.12.6) lib/puma/server.rb:334:in `block in run'
puma (3.12.6) lib/puma/thread_pool.rb:135:in `block in spawn_thread'
Started POST "/session/new" for ::1 at 2022-03-18 15:38:20 -0400
  
ActionController::RoutingError (No route matches [POST] "/session/new"):
  
actionpack (5.2.7) lib/action_dispatch/middleware/debug_exceptions.rb:65:in `call'
web-console (3.7.0) lib/web_console/middleware.rb:135:in `call_app'
web-console (3.7.0) lib/web_console/middleware.rb:30:in `block in call'
web-console (3.7.0) lib/web_console/middleware.rb:20:in `catch'
web-console (3.7.0) lib/web_console/middleware.rb:20:in `call'
actionpack (5.2.7) lib/action_dispatch/middleware/show_exceptions.rb:33:in `call'
railties (5.2.7) lib/rails/rack/logger.rb:38:in `call_app'
railties (5.2.7) lib/rails/rack/logger.rb:26:in `block in call'
activesupport (5.2.7) lib/active_support/tagged_logging.rb:71:in `block in tagged'
activesupport (5.2.7) lib/active_support/tagged_logging.rb:28:in `tagged'
activesupport (5.2.7) lib/active_support/tagged_logging.rb:71:in `tagged'
railties (5.2.7) lib/rails/rack/logger.rb:26:in `call'
sprockets-rails (3.4.2) lib/sprockets/rails/quiet_assets.rb:13:in `call'
actionpack (5.2.7) lib/action_dispatch/middleware/remote_ip.rb:81:in `call'
actionpack (5.2.7) lib/action_dispatch/middleware/request_id.rb:27:in `call'
rack (2.2.3) lib/rack/method_override.rb:24:in `call'
rack (2.2.3) lib/rack/runtime.rb:22:in `call'
activesupport (5.2.7) lib/active_support/cache/strategy/local_cache_middleware.rb:29:in `call'
actionpack (5.2.7) lib/action_dispatch/middleware/executor.rb:14:in `call'
actionpack (5.2.7) lib/action_dispatch/middleware/static.rb:127:in `call'
rack (2.2.3) lib/rack/sendfile.rb:110:in `call'
railties (5.2.7) lib/rails/engine.rb:524:in `call'
puma (3.12.6) lib/puma/configuration.rb:227:in `call'
puma (3.12.6) lib/puma/server.rb:706:in `handle_request'
puma (3.12.6) lib/puma/server.rb:476:in `process_client'
puma (3.12.6) lib/puma/server.rb:334:in `block in run'
puma (3.12.6) lib/puma/thread_pool.rb:135:in `block in spawn_thread'
Started GET "/session/new" for ::1 at 2022-03-18 15:38:24 -0400
Processing by SessionsController#new as HTML
  Rendering sessions/new.html.erb within layouts/application
  Rendered sessions/new.html.erb within layouts/application (0.7ms)
Completed 200 OK in 102ms (Views: 48.0ms | ActiveRecord: 24.4ms)


Started POST "/session" for ::1 at 2022-03-18 15:38:30 -0400
Processing by SessionsController#create as HTML
  Parameters: {"user"=>{"username"=>"harry_bahl", "password"=>"[FILTERED]"}}
Can't verify CSRF token authenticity.
  [1m[36mUser Load (0.7ms)[0m  [1m[34mSELECT  "users".* FROM "users" WHERE "users"."username" = $1 LIMIT $2[0m  [["username", "harry_bahl"], ["LIMIT", 1]]
  ↳ app/models/user.rb:21
  [1m[35m (0.2ms)[0m  [1m[35mBEGIN[0m
  ↳ app/models/user.rb:40
  [1m[36mUser Exists (3.1ms)[0m  [1m[34mSELECT  1 AS one FROM "users" WHERE "users"."username" = $1 AND "users"."id" != $2 LIMIT $3[0m  [["username", "harry_bahl"], ["id", 1], ["LIMIT", 1]]
  ↳ app/models/user.rb:40
  [1m[36mUser Exists (1.9ms)[0m  [1m[34mSELECT  1 AS one FROM "users" WHERE "users"."session_token" = $1 AND "users"."id" != $2 LIMIT $3[0m  [["session_token", "zLUY_BmfI2qpsyQPvMjoRg"], ["id", 1], ["LIMIT", 1]]
  ↳ app/models/user.rb:40
  [1m[36mUser Update (7.3ms)[0m  [1m[33mUPDATE "users" SET "session_token" = $1, "updated_at" = $2 WHERE "users"."id" = $3[0m  [["session_token", "zLUY_BmfI2qpsyQPvMjoRg"], ["updated_at", "2022-03-18 19:38:30.928407"], ["id", 1]]
  ↳ app/models/user.rb:40
  [1m[35m (4.1ms)[0m  [1m[35mCOMMIT[0m
  ↳ app/models/user.rb:40
Redirected to http://localhost:3000/users
Completed 302 Found in 359ms (ActiveRecord: 29.5ms)


Started GET "/users" for ::1 at 2022-03-18 15:38:30 -0400
Processing by UsersController#index as HTML
  Rendering users/index.html.erb within layouts/application
  Rendered users/index.html.erb within layouts/application (0.5ms)
Completed 200 OK in 71ms (Views: 70.1ms | ActiveRecord: 0.0ms)


